<?xml version="1.0" encoding="UTF-8" ?>
<testsuites errors="9"
            failures="1"
            tests="1">

  <testsuite name="allStore"
    errors="9" failures="1" hostname="" id="" package="allStore" skipped="0"
    tests="1" time="101.1" timestamp="">
  
    <testcase name="Demo test" classname="allStore" time="50.53" assertions="1">  <failure message="All inputs are added in 5000ms - expected &#34;is visible&#34; but got: &#34;element could not be located&#34; (5167ms)">    at Demo test (C:\Users\Essam\Downloads\TESTAUTOMATION\tests\allStore.js:15:24)</failure>

    
    <error type="error"><![CDATA[
    NoSuchWindowError: no such window: target window already closed
from unknown error: web view not found
  (Session info: chrome=122.0.6261.129)
    at Object.throwDecodedError (C:\Users\Essam\Downloads\TESTAUTOMATION\node_modules\selenium-webdriver\lib\error.js:524:15)
    at parseHttpResponse (C:\Users\Essam\Downloads\TESTAUTOMATION\node_modules\selenium-webdriver\lib\http.js:601:13)
    at Executor.execute (C:\Users\Essam\Downloads\TESTAUTOMATION\node_modules\selenium-webdriver\lib\http.js:529:28)
    at process.processTicksAndRejections (node:internal/process/task_queues:95:5)
    at async Driver.execute (C:\Users\Essam\Downloads\TESTAUTOMATION\node_modules\selenium-webdriver\lib\webdriver.js:745:17)
    at async Driver.findElements (C:\Users\Essam\Downloads\TESTAUTOMATION\node_modules\selenium-webdriver\lib\webdriver.js:1089:17)
    ]]></error>
    
    </testcase>
  

  
    <system-err>
       NoSuchElementError
   An element could not be located on the page using the given search parameters.

    Try fixing by :
    1. Please inspect the html before the step
    2. Verify if an element with the mentioned selector is present in the DOM tree

    Error location:
    C:\Users\Essam\Downloads\TESTAUTOMATION\tests\withoutFile.js:7
    ––––––––––––––––––––––––––––––––––––––––––––––––––––––––––––––
     5 |         browser 
     6 |         .url(&#39;http://automationpractice.multiformis.com/index.php&#39;) 
     7 |         .click(&#39;#contact-link&#39;) 
     8 |         .click(&#39;#uniform-id_contact&#39;) 
     9 |         .click(&#39;[value=&#34;2&#34;]&#39;)
    ––––––––––––––––––––––––––––––––––––––––––––––––––––––––––––––

 NoSuchElementError
   An element could not be located on the page using the given search parameters.

    Try fixing by :
    1. Please inspect the html before the step
    2. Verify if an element with the mentioned selector is present in the DOM tree

    Error location:
    C:\Users\Essam\Downloads\TESTAUTOMATION\tests\withoutFile.js:8
    ––––––––––––––––––––––––––––––––––––––––––––––––––––––––––––––
     6 |         .url(&#39;http://automationpractice.multiformis.com/index.php&#39;) 
     7 |         .click(&#39;#contact-link&#39;)
     8 |         .click(&#39;#uniform-id_contact&#39;)  
     9 |         .click(&#39;[value=&#34;2&#34;]&#39;)
     10 |         .setValue(&#39;input[name=&#34;from&#34;]&#39;,&#34;bassel28@gmail.com&#34;)
    ––––––––––––––––––––––––––––––––––––––––––––––––––––––––––––––

 NoSuchElementError
   An element could not be located on the page using the given search parameters.

    Try fixing by :
    1. Please inspect the html before the step
    2. Verify if an element with the mentioned selector is present in the DOM tree

    Error location:
    C:\Users\Essam\Downloads\TESTAUTOMATION\tests\withoutFile.js:9
    ––––––––––––––––––––––––––––––––––––––––––––––––––––––––––––––
     7 |         .click(&#39;#contact-link&#39;)
     8 |         .click(&#39;#uniform-id_contact&#39;) 
     9 |         .click(&#39;[value=&#34;2&#34;]&#39;) 
     10 |         .setValue(&#39;input[name=&#34;from&#34;]&#39;,&#34;bassel28@gmail.com&#34;)
     11 |         .setValue(&#39;input[name=&#34;id_order&#34;]&#39;,&#34;2110&#34;)
    ––––––––––––––––––––––––––––––––––––––––––––––––––––––––––––––

 NoSuchElementError
   An element could not be located on the page using the given search parameters.

    Try fixing by :
    1. Please inspect the html before the step
    2. Verify if an element with the mentioned selector is present in the DOM tree

    Error location:
    C:\Users\Essam\Downloads\TESTAUTOMATION\tests\withoutFile.js:10
    ––––––––––––––––––––––––––––––––––––––––––––––––––––––––––––––
     8 |         .click(&#39;#uniform-id_contact&#39;) 
     9 |         .click(&#39;[value=&#34;2&#34;]&#39;)
     10 |         .setValue(&#39;input[name=&#34;from&#34;]&#39;,&#34;bassel28@gmail.com&#34;) 
     11 |         .setValue(&#39;input[name=&#34;id_order&#34;]&#39;,&#34;2110&#34;)
     12 |         .setValue(&#39;textarea[name=&#34;message&#34;]&#39;,&#34;order is too late!&#34;)
    ––––––––––––––––––––––––––––––––––––––––––––––––––––––––––––––

 NoSuchElementError
   An element could not be located on the page using the given search parameters.

    Try fixing by :
    1. Please inspect the html before the step
    2. Verify if an element with the mentioned selector is present in the DOM tree

    Error location:
    C:\Users\Essam\Downloads\TESTAUTOMATION\tests\withoutFile.js:11
    ––––––––––––––––––––––––––––––––––––––––––––––––––––––––––––––
     9 |         .click(&#39;[value=&#34;2&#34;]&#39;)
     10 |         .setValue(&#39;input[name=&#34;from&#34;]&#39;,&#34;bassel28@gmail.com&#34;)
     11 |         .setValue(&#39;input[name=&#34;id_order&#34;]&#39;,&#34;2110&#34;) 
     12 |         .setValue(&#39;textarea[name=&#34;message&#34;]&#39;,&#34;order is too late!&#34;)
     13 |         .click(&#39;button[name=&#34;submitMessage&#34;]&#39;)
    ––––––––––––––––––––––––––––––––––––––––––––––––––––––––––––––

 NoSuchElementError
   An element could not be located on the page using the given search parameters.

    Try fixing by :
    1. Please inspect the html before the step
    2. Verify if an element with the mentioned selector is present in the DOM tree

    Error location:
    C:\Users\Essam\Downloads\TESTAUTOMATION\tests\withoutFile.js:12
    ––––––––––––––––––––––––––––––––––––––––––––––––––––––––––––––
     10 |         .setValue(&#39;input[name=&#34;from&#34;]&#39;,&#34;bassel28@gmail.com&#34;)
     11 |         .setValue(&#39;input[name=&#34;id_order&#34;]&#39;,&#34;2110&#34;)
     12 |         .setValue(&#39;textarea[name=&#34;message&#34;]&#39;,&#34;order is too late!&#34;) 
     13 |         .click(&#39;button[name=&#34;submitMessage&#34;]&#39;)
     14 |         browser.assert.visible(&#39;p[class=&#34;alert alert-success&#34;]&#39;, &#39;All inputs without File added&#39;);
    ––––––––––––––––––––––––––––––––––––––––––––––––––––––––––––––

 NoSuchElementError
   An element could not be located on the page using the given search parameters.

    Try fixing by :
    1. Please inspect the html before the step
    2. Verify if an element with the mentioned selector is present in the DOM tree

    Error location:
    C:\Users\Essam\Downloads\TESTAUTOMATION\tests\withoutFile.js:13
    ––––––––––––––––––––––––––––––––––––––––––––––––––––––––––––––
     11 |         .setValue(&#39;input[name=&#34;id_order&#34;]&#39;,&#34;2110&#34;)
     12 |         .setValue(&#39;textarea[name=&#34;message&#34;]&#39;,&#34;order is too late!&#34;)
     13 |         .click(&#39;button[name=&#34;submitMessage&#34;]&#39;) 
     14 |         browser.assert.visible(&#39;p[class=&#34;alert alert-success&#34;]&#39;, &#39;All inputs without File added&#39;);
     15 | 
    ––––––––––––––––––––––––––––––––––––––––––––––––––––––––––––––

 NoSuchElementError
   An element could not be located on the page using the given search parameters.

    Try fixing by :
    1. Please inspect the html before the step
    2. Verify if an element with the mentioned selector is present in the DOM tree

    Error location:
    C:\Users\Essam\Downloads\TESTAUTOMATION\tests\withoutEmail.js:7
    –––––––––––––––––––––––––––––––––––––––––––––––––––––––––––––––
     5 |         browser 
     6 |         .url(&#39;http://automationpractice.multiformis.com/index.php&#39;) 
     7 |         .click(&#39;#contact-link&#39;) 
     8 |         .click(&#39;#uniform-id_contact&#39;) 
     9 |         .click(&#39;[value=&#34;2&#34;]&#39;)
    –––––––––––––––––––––––––––––––––––––––––––––––––––––––––––––––

 NoSuchElementError
   An element could not be located on the page using the given search parameters.

    Try fixing by :
    1. Please inspect the html before the step
    2. Verify if an element with the mentioned selector is present in the DOM tree

    Error location:
    C:\Users\Essam\Downloads\TESTAUTOMATION\tests\withoutEmail.js:8
    –––––––––––––––––––––––––––––––––––––––––––––––––––––––––––––––
     6 |         .url(&#39;http://automationpractice.multiformis.com/index.php&#39;) 
     7 |         .click(&#39;#contact-link&#39;)
     8 |         .click(&#39;#uniform-id_contact&#39;)  
     9 |         .click(&#39;[value=&#34;2&#34;]&#39;)
     10 |         .setValue(&#39;input[name=&#34;id_order&#34;]&#39;,&#34;2110&#34;)
    –––––––––––––––––––––––––––––––––––––––––––––––––––––––––––––––

 NoSuchElementError
   An element could not be located on the page using the given search parameters.

    Try fixing by :
    1. Please inspect the html before the step
    2. Verify if an element with the mentioned selector is present in the DOM tree

    Error location:
    C:\Users\Essam\Downloads\TESTAUTOMATION\tests\withoutEmail.js:9
    –––––––––––––––––––––––––––––––––––––––––––––––––––––––––––––––
     7 |         .click(&#39;#contact-link&#39;)
     8 |         .click(&#39;#uniform-id_contact&#39;) 
     9 |         .click(&#39;[value=&#34;2&#34;]&#39;) 
     10 |         .setValue(&#39;input[name=&#34;id_order&#34;]&#39;,&#34;2110&#34;)
     11 |         .setValue(&#39;textarea[name=&#34;message&#34;]&#39;,&#34;order is too late!&#34;)
    –––––––––––––––––––––––––––––––––––––––––––––––––––––––––––––––

 NoSuchElementError
   An element could not be located on the page using the given search parameters.

    Try fixing by :
    1. Please inspect the html before the step
    2. Verify if an element with the mentioned selector is present in the DOM tree

    Error location:
    C:\Users\Essam\Downloads\TESTAUTOMATION\tests\withoutEmail.js:10
    –––––––––––––––––––––––––––––––––––––––––––––––––––––––––––––––
     8 |         .click(&#39;#uniform-id_contact&#39;) 
     9 |         .click(&#39;[value=&#34;2&#34;]&#39;)
     10 |         .setValue(&#39;input[name=&#34;id_order&#34;]&#39;,&#34;2110&#34;) 
     11 |         .setValue(&#39;textarea[name=&#34;message&#34;]&#39;,&#34;order is too late!&#34;)
     12 |         .setValue(&#39;input[type=file]&#39;, require(&#39;path&#39;).resolve(&#39;deliveryBad.txt&#39;))
    –––––––––––––––––––––––––––––––––––––––––––––––––––––––––––––––

 NoSuchElementError
   An element could not be located on the page using the given search parameters.

    Try fixing by :
    1. Please inspect the html before the step
    2. Verify if an element with the mentioned selector is present in the DOM tree

    Error location:
    C:\Users\Essam\Downloads\TESTAUTOMATION\tests\withoutEmail.js:11
    –––––––––––––––––––––––––––––––––––––––––––––––––––––––––––––––
     9 |         .click(&#39;[value=&#34;2&#34;]&#39;)
     10 |         .setValue(&#39;input[name=&#34;id_order&#34;]&#39;,&#34;2110&#34;)
     11 |         .setValue(&#39;textarea[name=&#34;message&#34;]&#39;,&#34;order is too late!&#34;) 
     12 |         .setValue(&#39;input[type=file]&#39;, require(&#39;path&#39;).resolve(&#39;deliveryBad.txt&#39;))
     13 |         .click(&#39;button[name=&#34;submitMessage&#34;]&#39;)
    –––––––––––––––––––––––––––––––––––––––––––––––––––––––––––––––

 NoSuchElementError
   An element could not be located on the page using the given search parameters.

    Try fixing by :
    1. Please inspect the html before the step
    2. Verify if an element with the mentioned selector is present in the DOM tree

    Error location:
    C:\Users\Essam\Downloads\TESTAUTOMATION\tests\withoutEmail.js:12
    –––––––––––––––––––––––––––––––––––––––––––––––––––––––––––––––
     10 |         .setValue(&#39;input[name=&#34;id_order&#34;]&#39;,&#34;2110&#34;)
     11 |         .setValue(&#39;textarea[name=&#34;message&#34;]&#39;,&#34;order is too late!&#34;)
     12 |         .setValue(&#39;input[type=file]&#39;, require(&#39;path&#39;).resolve(&#39;deliveryBad.txt&#39;)) 
     13 |         .click(&#39;button[name=&#34;submitMessage&#34;]&#39;)
     14 |         browser.assert.visible(&#39;p[class=&#34;alert alert-success&#34;]&#39;, &#39;All inputs without Email&#39;);
    –––––––––––––––––––––––––––––––––––––––––––––––––––––––––––––––

 NoSuchElementError
   An element could not be located on the page using the given search parameters.

    Try fixing by :
    1. Please inspect the html before the step
    2. Verify if an element with the mentioned selector is present in the DOM tree

    Error location:
    C:\Users\Essam\Downloads\TESTAUTOMATION\tests\withoutEmail.js:13
    –––––––––––––––––––––––––––––––––––––––––––––––––––––––––––––––
     11 |         .setValue(&#39;textarea[name=&#34;message&#34;]&#39;,&#34;order is too late!&#34;)
     12 |         .setValue(&#39;input[type=file]&#39;, require(&#39;path&#39;).resolve(&#39;deliveryBad.txt&#39;))
     13 |         .click(&#39;button[name=&#34;submitMessage&#34;]&#39;) 
     14 |         browser.assert.visible(&#39;p[class=&#34;alert alert-success&#34;]&#39;, &#39;All inputs without Email&#39;);
     15 | 
    –––––––––––––––––––––––––––––––––––––––––––––––––––––––––––––––

 NoSuchElementError
   An element could not be located on the page using the given search parameters.

    Try fixing by :
    1. Please inspect the html before the step
    2. Verify if an element with the mentioned selector is present in the DOM tree

    Error location:
    C:\Users\Essam\Downloads\TESTAUTOMATION\tests\WithoutMessage.js:7
    –––––––––––––––––––––––––––––––––––––––––––––––––––––––––––––––––
     5 |         browser 
     6 |         .url(&#39;http://automationpractice.multiformis.com/index.php&#39;) 
     7 |         .click(&#39;#contact-link&#39;) 
     8 |         .click(&#39;#uniform-id_contact&#39;) 
     9 |         .click(&#39;[value=&#34;2&#34;]&#39;)
    –––––––––––––––––––––––––––––––––––––––––––––––––––––––––––––––––

 NoSuchElementError
   An element could not be located on the page using the given search parameters.

    Try fixing by :
    1. Please inspect the html before the step
    2. Verify if an element with the mentioned selector is present in the DOM tree

    Error location:
    C:\Users\Essam\Downloads\TESTAUTOMATION\tests\WithoutMessage.js:8
    –––––––––––––––––––––––––––––––––––––––––––––––––––––––––––––––––
     6 |         .url(&#39;http://automationpractice.multiformis.com/index.php&#39;) 
     7 |         .click(&#39;#contact-link&#39;)
     8 |         .click(&#39;#uniform-id_contact&#39;)  
     9 |         .click(&#39;[value=&#34;2&#34;]&#39;)
     10 |         .setValue(&#39;input[name=&#34;from&#34;]&#39;,&#34;bassel28@gmail.com&#34;)
    –––––––––––––––––––––––––––––––––––––––––––––––––––––––––––––––––

 NoSuchElementError
   An element could not be located on the page using the given search parameters.

    Try fixing by :
    1. Please inspect the html before the step
    2. Verify if an element with the mentioned selector is present in the DOM tree

    Error location:
    C:\Users\Essam\Downloads\TESTAUTOMATION\tests\WithoutMessage.js:9
    –––––––––––––––––––––––––––––––––––––––––––––––––––––––––––––––––
     7 |         .click(&#39;#contact-link&#39;)
     8 |         .click(&#39;#uniform-id_contact&#39;) 
     9 |         .click(&#39;[value=&#34;2&#34;]&#39;) 
     10 |         .setValue(&#39;input[name=&#34;from&#34;]&#39;,&#34;bassel28@gmail.com&#34;)
     11 |         .setValue(&#39;input[name=&#34;id_order&#34;]&#39;,&#34;2110&#34;)
    –––––––––––––––––––––––––––––––––––––––––––––––––––––––––––––––––

 NoSuchElementError
   An element could not be located on the page using the given search parameters.

    Try fixing by :
    1. Please inspect the html before the step
    2. Verify if an element with the mentioned selector is present in the DOM tree

    Error location:
    C:\Users\Essam\Downloads\TESTAUTOMATION\tests\WithoutMessage.js:10
    –––––––––––––––––––––––––––––––––––––––––––––––––––––––––––––––––
     8 |         .click(&#39;#uniform-id_contact&#39;) 
     9 |         .click(&#39;[value=&#34;2&#34;]&#39;)
     10 |         .setValue(&#39;input[name=&#34;from&#34;]&#39;,&#34;bassel28@gmail.com&#34;) 
     11 |         .setValue(&#39;input[name=&#34;id_order&#34;]&#39;,&#34;2110&#34;)
     12 |         .setValue(&#39;input[type=file]&#39;, require(&#39;path&#39;).resolve(&#39;deliveryBad.txt&#39;))
    –––––––––––––––––––––––––––––––––––––––––––––––––––––––––––––––––

 NoSuchElementError
   An element could not be located on the page using the given search parameters.

    Try fixing by :
    1. Please inspect the html before the step
    2. Verify if an element with the mentioned selector is present in the DOM tree

    Error location:
    C:\Users\Essam\Downloads\TESTAUTOMATION\tests\WithoutMessage.js:11
    –––––––––––––––––––––––––––––––––––––––––––––––––––––––––––––––––
     9 |         .click(&#39;[value=&#34;2&#34;]&#39;)
     10 |         .setValue(&#39;input[name=&#34;from&#34;]&#39;,&#34;bassel28@gmail.com&#34;)
     11 |         .setValue(&#39;input[name=&#34;id_order&#34;]&#39;,&#34;2110&#34;) 
     12 |         .setValue(&#39;input[type=file]&#39;, require(&#39;path&#39;).resolve(&#39;deliveryBad.txt&#39;))
     13 |         .click(&#39;button[name=&#34;submitMessage&#34;]&#39;)
    –––––––––––––––––––––––––––––––––––––––––––––––––––––––––––––––––

 NoSuchElementError
   An element could not be located on the page using the given search parameters.

    Try fixing by :
    1. Please inspect the html before the step
    2. Verify if an element with the mentioned selector is present in the DOM tree

    Error location:
    C:\Users\Essam\Downloads\TESTAUTOMATION\tests\WithoutMessage.js:12
    –––––––––––––––––––––––––––––––––––––––––––––––––––––––––––––––––
     10 |         .setValue(&#39;input[name=&#34;from&#34;]&#39;,&#34;bassel28@gmail.com&#34;)
     11 |         .setValue(&#39;input[name=&#34;id_order&#34;]&#39;,&#34;2110&#34;)
     12 |         .setValue(&#39;input[type=file]&#39;, require(&#39;path&#39;).resolve(&#39;deliveryBad.txt&#39;)) 
     13 |         .click(&#39;button[name=&#34;submitMessage&#34;]&#39;)
     14 |         browser.assert.visible(&#39;p[class=&#34;alert alert-success&#34;]&#39;, &#39;All inputs without Message&#39;);
    –––––––––––––––––––––––––––––––––––––––––––––––––––––––––––––––––

 NoSuchElementError
   An element could not be located on the page using the given search parameters.

    Try fixing by :
    1. Please inspect the html before the step
    2. Verify if an element with the mentioned selector is present in the DOM tree

    Error location:
    C:\Users\Essam\Downloads\TESTAUTOMATION\tests\WithoutMessage.js:13
    –––––––––––––––––––––––––––––––––––––––––––––––––––––––––––––––––
     11 |         .setValue(&#39;input[name=&#34;id_order&#34;]&#39;,&#34;2110&#34;)
     12 |         .setValue(&#39;input[type=file]&#39;, require(&#39;path&#39;).resolve(&#39;deliveryBad.txt&#39;))
     13 |         .click(&#39;button[name=&#34;submitMessage&#34;]&#39;) 
     14 |         browser.assert.visible(&#39;p[class=&#34;alert alert-success&#34;]&#39;, &#39;All inputs without Message&#39;);
     15 | 
    –––––––––––––––––––––––––––––––––––––––––––––––––––––––––––––––––

 NoSuchElementError
   An element could not be located on the page using the given search parameters.

    Try fixing by :
    1. Please inspect the html before the step
    2. Verify if an element with the mentioned selector is present in the DOM tree

    Error location:
    C:\Users\Essam\Downloads\TESTAUTOMATION\tests\withoutOR.js:7
    ––––––––––––––––––––––––––––––––––––––––––––––––––––––––––––
     5 |         browser 
     6 |         .url(&#39;http://automationpractice.multiformis.com/index.php&#39;) 
     7 |         .click(&#39;#contact-link&#39;) 
     8 |         .click(&#39;#uniform-id_contact&#39;) 
     9 |         .click(&#39;[value=&#34;2&#34;]&#39;)
    ––––––––––––––––––––––––––––––––––––––––––––––––––––––––––––

 NoSuchElementError
   An element could not be located on the page using the given search parameters.

    Try fixing by :
    1. Please inspect the html before the step
    2. Verify if an element with the mentioned selector is present in the DOM tree

    Error location:
    C:\Users\Essam\Downloads\TESTAUTOMATION\tests\withoutOR.js:8
    ––––––––––––––––––––––––––––––––––––––––––––––––––––––––––––
     6 |         .url(&#39;http://automationpractice.multiformis.com/index.php&#39;) 
     7 |         .click(&#39;#contact-link&#39;)
     8 |         .click(&#39;#uniform-id_contact&#39;)  
     9 |         .click(&#39;[value=&#34;2&#34;]&#39;)
     10 |         .setValue(&#39;input[name=&#34;from&#34;]&#39;,&#34;bassel28@gmail.com&#34;)
    ––––––––––––––––––––––––––––––––––––––––––––––––––––––––––––

 NoSuchElementError
   An element could not be located on the page using the given search parameters.

    Try fixing by :
    1. Please inspect the html before the step
    2. Verify if an element with the mentioned selector is present in the DOM tree

    Error location:
    C:\Users\Essam\Downloads\TESTAUTOMATION\tests\withoutOR.js:9
    ––––––––––––––––––––––––––––––––––––––––––––––––––––––––––––
     7 |         .click(&#39;#contact-link&#39;)
     8 |         .click(&#39;#uniform-id_contact&#39;) 
     9 |         .click(&#39;[value=&#34;2&#34;]&#39;) 
     10 |         .setValue(&#39;input[name=&#34;from&#34;]&#39;,&#34;bassel28@gmail.com&#34;)
     11 |         .setValue(&#39;textarea[name=&#34;message&#34;]&#39;,&#34;order is too late!&#34;)
    ––––––––––––––––––––––––––––––––––––––––––––––––––––––––––––

 NoSuchElementError
   An element could not be located on the page using the given search parameters.

    Try fixing by :
    1. Please inspect the html before the step
    2. Verify if an element with the mentioned selector is present in the DOM tree

    Error location:
    C:\Users\Essam\Downloads\TESTAUTOMATION\tests\withoutOR.js:10
    ––––––––––––––––––––––––––––––––––––––––––––––––––––––––––––
     8 |         .click(&#39;#uniform-id_contact&#39;) 
     9 |         .click(&#39;[value=&#34;2&#34;]&#39;)
     10 |         .setValue(&#39;input[name=&#34;from&#34;]&#39;,&#34;bassel28@gmail.com&#34;) 
     11 |         .setValue(&#39;textarea[name=&#34;message&#34;]&#39;,&#34;order is too late!&#34;)
     12 |         .setValue(&#39;input[type=file]&#39;, require(&#39;path&#39;).resolve(&#39;deliveryBad.txt&#39;))
    ––––––––––––––––––––––––––––––––––––––––––––––––––––––––––––

 NoSuchElementError
   An element could not be located on the page using the given search parameters.

    Try fixing by :
    1. Please inspect the html before the step
    2. Verify if an element with the mentioned selector is present in the DOM tree

    Error location:
    C:\Users\Essam\Downloads\TESTAUTOMATION\tests\withoutOR.js:11
    ––––––––––––––––––––––––––––––––––––––––––––––––––––––––––––
     9 |         .click(&#39;[value=&#34;2&#34;]&#39;)
     10 |         .setValue(&#39;input[name=&#34;from&#34;]&#39;,&#34;bassel28@gmail.com&#34;)
     11 |         .setValue(&#39;textarea[name=&#34;message&#34;]&#39;,&#34;order is too late!&#34;) 
     12 |         .setValue(&#39;input[type=file]&#39;, require(&#39;path&#39;).resolve(&#39;deliveryBad.txt&#39;))
     13 |         .click(&#39;button[name=&#34;submitMessage&#34;]&#39;)
    ––––––––––––––––––––––––––––––––––––––––––––––––––––––––––––

 NoSuchElementError
   An element could not be located on the page using the given search parameters.

    Try fixing by :
    1. Please inspect the html before the step
    2. Verify if an element with the mentioned selector is present in the DOM tree

    Error location:
    C:\Users\Essam\Downloads\TESTAUTOMATION\tests\withoutOR.js:12
    ––––––––––––––––––––––––––––––––––––––––––––––––––––––––––––
     10 |         .setValue(&#39;input[name=&#34;from&#34;]&#39;,&#34;bassel28@gmail.com&#34;)
     11 |         .setValue(&#39;textarea[name=&#34;message&#34;]&#39;,&#34;order is too late!&#34;)
     12 |         .setValue(&#39;input[type=file]&#39;, require(&#39;path&#39;).resolve(&#39;deliveryBad.txt&#39;)) 
     13 |         .click(&#39;button[name=&#34;submitMessage&#34;]&#39;)
     14 |         browser.assert.visible(&#39;p[class=&#34;alert alert-success&#34;]&#39;, &#39;All inputs without Order Refernce&#39;);
    ––––––––––––––––––––––––––––––––––––––––––––––––––––––––––––

 NoSuchElementError
   An element could not be located on the page using the given search parameters.

    Try fixing by :
    1. Please inspect the html before the step
    2. Verify if an element with the mentioned selector is present in the DOM tree

    Error location:
    C:\Users\Essam\Downloads\TESTAUTOMATION\tests\withoutOR.js:13
    ––––––––––––––––––––––––––––––––––––––––––––––––––––––––––––
     11 |         .setValue(&#39;textarea[name=&#34;message&#34;]&#39;,&#34;order is too late!&#34;)
     12 |         .setValue(&#39;input[type=file]&#39;, require(&#39;path&#39;).resolve(&#39;deliveryBad.txt&#39;))
     13 |         .click(&#39;button[name=&#34;submitMessage&#34;]&#39;) 
     14 |         browser.assert.visible(&#39;p[class=&#34;alert alert-success&#34;]&#39;, &#39;All inputs without Order Refernce&#39;);
     15 | 
    ––––––––––––––––––––––––––––––––––––––––––––––––––––––––––––

 NoSuchElementError
   An element could not be located on the page using the given search parameters.

    Try fixing by :
    1. Please inspect the html before the step
    2. Verify if an element with the mentioned selector is present in the DOM tree

    Error location:
    C:\Users\Essam\Downloads\TESTAUTOMATION\tests\allStore.js:7
    –––––––––––––––––––––––––––––––––––––––––––––––––––––––––––
     5 |         browser 
     6 |         .url(&#39;http://automationpractice.multiformis.com/index.php&#39;) 
     7 |         .click(&#39;#contact-link&#39;) 
     8 |         .click(&#39;#uniform-id_contact&#39;) 
     9 |         .click(&#39;[value=&#34;2&#34;]&#39;)
    –––––––––––––––––––––––––––––––––––––––––––––––––––––––––––

 NoSuchElementError
   An element could not be located on the page using the given search parameters.

    Try fixing by :
    1. Please inspect the html before the step
    2. Verify if an element with the mentioned selector is present in the DOM tree

    Error location:
    C:\Users\Essam\Downloads\TESTAUTOMATION\tests\allStore.js:8
    –––––––––––––––––––––––––––––––––––––––––––––––––––––––––––
     6 |         .url(&#39;http://automationpractice.multiformis.com/index.php&#39;) 
     7 |         .click(&#39;#contact-link&#39;)
     8 |         .click(&#39;#uniform-id_contact&#39;)  
     9 |         .click(&#39;[value=&#34;2&#34;]&#39;)
     10 |         .setValue(&#39;input[name=&#34;from&#34;]&#39;,&#34;bassel28@gmail.com&#34;)
    –––––––––––––––––––––––––––––––––––––––––––––––––––––––––––

 NoSuchElementError
   An element could not be located on the page using the given search parameters.

    Try fixing by :
    1. Please inspect the html before the step
    2. Verify if an element with the mentioned selector is present in the DOM tree

    Error location:
    C:\Users\Essam\Downloads\TESTAUTOMATION\tests\allStore.js:9
    –––––––––––––––––––––––––––––––––––––––––––––––––––––––––––
     7 |         .click(&#39;#contact-link&#39;)
     8 |         .click(&#39;#uniform-id_contact&#39;) 
     9 |         .click(&#39;[value=&#34;2&#34;]&#39;) 
     10 |         .setValue(&#39;input[name=&#34;from&#34;]&#39;,&#34;bassel28@gmail.com&#34;)
     11 |         .setValue(&#39;input[name=&#34;id_order&#34;]&#39;,&#34;2110&#34;)
    –––––––––––––––––––––––––––––––––––––––––––––––––––––––––––

 NoSuchElementError
   An element could not be located on the page using the given search parameters.

    Try fixing by :
    1. Please inspect the html before the step
    2. Verify if an element with the mentioned selector is present in the DOM tree

    Error location:
    C:\Users\Essam\Downloads\TESTAUTOMATION\tests\allStore.js:10
    –––––––––––––––––––––––––––––––––––––––––––––––––––––––––––
     8 |         .click(&#39;#uniform-id_contact&#39;) 
     9 |         .click(&#39;[value=&#34;2&#34;]&#39;)
     10 |         .setValue(&#39;input[name=&#34;from&#34;]&#39;,&#34;bassel28@gmail.com&#34;) 
     11 |         .setValue(&#39;input[name=&#34;id_order&#34;]&#39;,&#34;2110&#34;)
     12 |         .setValue(&#39;textarea[name=&#34;message&#34;]&#39;,&#34;order is too late!&#34;)
    –––––––––––––––––––––––––––––––––––––––––––––––––––––––––––

 NoSuchElementError
   An element could not be located on the page using the given search parameters.

    Try fixing by :
    1. Please inspect the html before the step
    2. Verify if an element with the mentioned selector is present in the DOM tree

    Error location:
    C:\Users\Essam\Downloads\TESTAUTOMATION\tests\allStore.js:11
    –––––––––––––––––––––––––––––––––––––––––––––––––––––––––––
     9 |         .click(&#39;[value=&#34;2&#34;]&#39;)
     10 |         .setValue(&#39;input[name=&#34;from&#34;]&#39;,&#34;bassel28@gmail.com&#34;)
     11 |         .setValue(&#39;input[name=&#34;id_order&#34;]&#39;,&#34;2110&#34;) 
     12 |         .setValue(&#39;textarea[name=&#34;message&#34;]&#39;,&#34;order is too late!&#34;)
     13 |         .setValue(&#39;input[type=file]&#39;, require(&#39;path&#39;).resolve(&#39;deliveryBad.txt&#39;))
    –––––––––––––––––––––––––––––––––––––––––––––––––––––––––––

 NoSuchElementError
   An element could not be located on the page using the given search parameters.

    Try fixing by :
    1. Please inspect the html before the step
    2. Verify if an element with the mentioned selector is present in the DOM tree

    Error location:
    C:\Users\Essam\Downloads\TESTAUTOMATION\tests\allStore.js:12
    –––––––––––––––––––––––––––––––––––––––––––––––––––––––––––
     10 |         .setValue(&#39;input[name=&#34;from&#34;]&#39;,&#34;bassel28@gmail.com&#34;)
     11 |         .setValue(&#39;input[name=&#34;id_order&#34;]&#39;,&#34;2110&#34;)
     12 |         .setValue(&#39;textarea[name=&#34;message&#34;]&#39;,&#34;order is too late!&#34;) 
     13 |         .setValue(&#39;input[type=file]&#39;, require(&#39;path&#39;).resolve(&#39;deliveryBad.txt&#39;))
     14 |         .click(&#39;button[name=&#34;submitMessage&#34;]&#39;)
    –––––––––––––––––––––––––––––––––––––––––––––––––––––––––––

 NoSuchElementError
   An element could not be located on the page using the given search parameters.

    Try fixing by :
    1. Please inspect the html before the step
    2. Verify if an element with the mentioned selector is present in the DOM tree

    Error location:
    C:\Users\Essam\Downloads\TESTAUTOMATION\tests\allStore.js:13
    –––––––––––––––––––––––––––––––––––––––––––––––––––––––––––
     11 |         .setValue(&#39;input[name=&#34;id_order&#34;]&#39;,&#34;2110&#34;)
     12 |         .setValue(&#39;textarea[name=&#34;message&#34;]&#39;,&#34;order is too late!&#34;)
     13 |         .setValue(&#39;input[type=file]&#39;, require(&#39;path&#39;).resolve(&#39;deliveryBad.txt&#39;)) 
     14 |         .click(&#39;button[name=&#34;submitMessage&#34;]&#39;)
     15 |         browser.assert.visible(&#39;p[class=&#34;alert alert-success&#34;]&#39;, &#39;All inputs are added&#39;);
    –––––––––––––––––––––––––––––––––––––––––––––––––––––––––––

 NoSuchElementError
   An element could not be located on the page using the given search parameters.

    Try fixing by :
    1. Please inspect the html before the step
    2. Verify if an element with the mentioned selector is present in the DOM tree

    Error location:
    C:\Users\Essam\Downloads\TESTAUTOMATION\tests\allStore.js:14
    –––––––––––––––––––––––––––––––––––––––––––––––––––––––––––
     12 |         .setValue(&#39;textarea[name=&#34;message&#34;]&#39;,&#34;order is too late!&#34;)
     13 |         .setValue(&#39;input[type=file]&#39;, require(&#39;path&#39;).resolve(&#39;deliveryBad.txt&#39;))
     14 |         .click(&#39;button[name=&#34;submitMessage&#34;]&#39;) 
     15 |         browser.assert.visible(&#39;p[class=&#34;alert alert-success&#34;]&#39;, &#39;All inputs are added&#39;);
     16 | 
    –––––––––––––––––––––––––––––––––––––––––––––––––––––––––––

 NoSuchWindowError
   no such window: target window already closed
from unknown error: web view not found
  (Session info: chrome=122.0.6261.129)
    </system-err>
  

    

  
  </testsuite>
</testsuites>
